<?xml version="1.0" encoding="UTF-8"?>
<!-- Generated by org.testng.reporters.JUnitReportReporter -->
<testsuite skipped="0" hostname="DESKTOP-DNMF2C6" name="com.test.LoginTest" tests="1" failures="0" timestamp="2022-09-19T13:45:40 IST" time="3.682" errors="0">
  <testcase name="test01" time="3.682" classname="com.test.LoginTest"/>
  <system-out/>
</testsuite> <!-- com.test.LoginTest -->
